<?xml version="1.0" encoding="UTF-8"?>
<!-- Generated by org.testng.reporters.JUnitXMLReporter -->
<testsuite ignored="0" hostname="mohammadsohil" failures="0" tests="15" name="Test" time="56.082" errors="0" timestamp="2022-11-30T13:08:44 IST">
  <testcase classname="Handling_Alerts_ConfirmBox_TestCases.Alerts_TestCases" name="SwitchToPresentTest" time="0.071"/>
  <testcase classname="Handling_Alerts_ConfirmBox_TestCases.Alerts_TestCases" name="mousehover" time="12.363"/>
  <testcase classname="Handling_Alerts_ConfirmBox_TestCases.Alerts_TestCases" name="alertboxTest" time="1.074"/>
  <testcase classname="Handling_Alerts_ConfirmBox_TestCases.Alerts_TestCases" name="AlertPresentTest" time="2.022"/>
  <testcase classname="Handling_Alerts_ConfirmBox_TestCases.Alerts_TestCases" name="AcceptAlertTest" time="2.011"/>
  <testcase classname="Handling_Alerts_ConfirmBox_TestCases.Alerts_TestCases" name="isAlertWithOKAndCancelTest" time="2.05"/>
  <testcase classname="Handling_Alerts_ConfirmBox_TestCases.Alerts_TestCases" name="clickOnAlertWithOKAndCancelTest" time="0.05"/>
  <testcase classname="Handling_Alerts_ConfirmBox_TestCases.Alerts_TestCases" name="clickConfirmBoxTest" time="1.086"/>
  <testcase classname="Handling_Alerts_ConfirmBox_TestCases.Alerts_TestCases" name="isConfirmBoxPresentTest" time="1.013"/>
  <testcase classname="Handling_Alerts_ConfirmBox_TestCases.Alerts_TestCases" name="AcceptPopUpBoxTest" time="1.027"/>
  <testcase classname="Handling_Alerts_ConfirmBox_TestCases.Alerts_TestCases" name="isAlertWithTextPresentTest" time="1.034"/>
  <testcase classname="Handling_Alerts_ConfirmBox_TestCases.Alerts_TestCases" name="clickAlertWithTextPresentTest" time="1.061"/>
  <testcase classname="Handling_Alerts_ConfirmBox_TestCases.Alerts_TestCases" name="clickOnPrompBoxTest" time="0.05"/>
  <testcase classname="Handling_Alerts_ConfirmBox_TestCases.Alerts_TestCases" name="isPrompBoxPresentTest" time="1.013"/>
  <testcase classname="Handling_Alerts_ConfirmBox_TestCases.Alerts_TestCases" name="enterInPrompBoxTest" time="0.035"/>
</testsuite> <!-- Test -->
