<?xml version="1.0" encoding="UTF-8"?>
<testng-results ignored="0" total="15" passed="15" failed="0" skipped="0">
  <reporter-output>
  </reporter-output>
  <suite started-at="2022-11-30T13:07:48 IST" name="Suite" finished-at="2022-11-30T13:08:44 IST" duration-ms="56082">
    <groups>
    </groups>
    <test started-at="2022-11-30T13:07:48 IST" name="Test" finished-at="2022-11-30T13:08:44 IST" duration-ms="56082">
      <class name="Handling_Alerts_ConfirmBox_TestCases.Alerts_TestCases">
        <test-method is-config="true" signature="setup()[pri:0, instance:Handling_Alerts_ConfirmBox_TestCases.Alerts_TestCases@223d2c72]" started-at="2022-11-30T13:07:48 IST" name="setup" finished-at="2022-11-30T13:08:17 IST" duration-ms="29004" status="PASS">
          <reporter-output>
          </reporter-output>
        </test-method> <!-- setup -->
        <test-method signature="SwitchToPresentTest()[pri:1, instance:Handling_Alerts_ConfirmBox_TestCases.Alerts_TestCases@223d2c72]" started-at="2022-11-30T13:08:17 IST" name="SwitchToPresentTest" finished-at="2022-11-30T13:08:18 IST" duration-ms="71" status="PASS">
          <reporter-output>
          </reporter-output>
        </test-method> <!-- SwitchToPresentTest -->
        <test-method signature="mousehover()[pri:0, instance:Handling_Alerts_ConfirmBox_TestCases.Alerts_TestCases@223d2c72]" started-at="2022-11-30T13:08:18 IST" name="mousehover" finished-at="2022-11-30T13:08:30 IST" depends-on-methods="Handling_Alerts_ConfirmBox_TestCases.Alerts_TestCases.SwitchToPresentTest" duration-ms="12363" status="PASS">
          <reporter-output>
          </reporter-output>
        </test-method> <!-- mousehover -->
        <test-method signature="alertboxTest()[pri:3, instance:Handling_Alerts_ConfirmBox_TestCases.Alerts_TestCases@223d2c72]" started-at="2022-11-30T13:08:30 IST" name="alertboxTest" finished-at="2022-11-30T13:08:31 IST" duration-ms="1074" status="PASS">
          <reporter-output>
          </reporter-output>
        </test-method> <!-- alertboxTest -->
        <test-method signature="AlertPresentTest()[pri:4, instance:Handling_Alerts_ConfirmBox_TestCases.Alerts_TestCases@223d2c72]" started-at="2022-11-30T13:08:31 IST" name="AlertPresentTest" finished-at="2022-11-30T13:08:33 IST" duration-ms="2022" status="PASS">
          <reporter-output>
          </reporter-output>
        </test-method> <!-- AlertPresentTest -->
        <test-method signature="AcceptAlertTest()[pri:0, instance:Handling_Alerts_ConfirmBox_TestCases.Alerts_TestCases@223d2c72]" started-at="2022-11-30T13:08:33 IST" name="AcceptAlertTest" finished-at="2022-11-30T13:08:35 IST" depends-on-methods="Handling_Alerts_ConfirmBox_TestCases.Alerts_TestCases.AlertPresentTest" duration-ms="2011" status="PASS">
          <reporter-output>
          </reporter-output>
        </test-method> <!-- AcceptAlertTest -->
        <test-method signature="isAlertWithOKAndCancelTest()[pri:5, instance:Handling_Alerts_ConfirmBox_TestCases.Alerts_TestCases@223d2c72]" started-at="2022-11-30T13:08:35 IST" name="isAlertWithOKAndCancelTest" finished-at="2022-11-30T13:08:37 IST" duration-ms="2050" status="PASS">
          <reporter-output>
          </reporter-output>
        </test-method> <!-- isAlertWithOKAndCancelTest -->
        <test-method signature="clickOnAlertWithOKAndCancelTest()[pri:0, instance:Handling_Alerts_ConfirmBox_TestCases.Alerts_TestCases@223d2c72]" started-at="2022-11-30T13:08:37 IST" name="clickOnAlertWithOKAndCancelTest" finished-at="2022-11-30T13:08:37 IST" depends-on-methods="Handling_Alerts_ConfirmBox_TestCases.Alerts_TestCases.isAlertWithOKAndCancelTest" duration-ms="50" status="PASS">
          <reporter-output>
          </reporter-output>
        </test-method> <!-- clickOnAlertWithOKAndCancelTest -->
        <test-method signature="clickConfirmBoxTest()[pri:7, instance:Handling_Alerts_ConfirmBox_TestCases.Alerts_TestCases@223d2c72]" started-at="2022-11-30T13:08:37 IST" name="clickConfirmBoxTest" finished-at="2022-11-30T13:08:38 IST" duration-ms="1086" status="PASS">
          <reporter-output>
          </reporter-output>
        </test-method> <!-- clickConfirmBoxTest -->
        <test-method signature="isConfirmBoxPresentTest()[pri:8, instance:Handling_Alerts_ConfirmBox_TestCases.Alerts_TestCases@223d2c72]" started-at="2022-11-30T13:08:38 IST" name="isConfirmBoxPresentTest" finished-at="2022-11-30T13:08:39 IST" duration-ms="1013" status="PASS">
          <reporter-output>
          </reporter-output>
        </test-method> <!-- isConfirmBoxPresentTest -->
        <test-method signature="AcceptPopUpBoxTest()[pri:0, instance:Handling_Alerts_ConfirmBox_TestCases.Alerts_TestCases@223d2c72]" started-at="2022-11-30T13:08:39 IST" name="AcceptPopUpBoxTest" finished-at="2022-11-30T13:08:40 IST" depends-on-methods="Handling_Alerts_ConfirmBox_TestCases.Alerts_TestCases.isConfirmBoxPresentTest" duration-ms="1027" status="PASS">
          <reporter-output>
          </reporter-output>
        </test-method> <!-- AcceptPopUpBoxTest -->
        <test-method signature="isAlertWithTextPresentTest()[pri:9, instance:Handling_Alerts_ConfirmBox_TestCases.Alerts_TestCases@223d2c72]" started-at="2022-11-30T13:08:40 IST" name="isAlertWithTextPresentTest" finished-at="2022-11-30T13:08:41 IST" duration-ms="1034" status="PASS">
          <reporter-output>
          </reporter-output>
        </test-method> <!-- isAlertWithTextPresentTest -->
        <test-method signature="clickAlertWithTextPresentTest()[pri:0, instance:Handling_Alerts_ConfirmBox_TestCases.Alerts_TestCases@223d2c72]" started-at="2022-11-30T13:08:41 IST" name="clickAlertWithTextPresentTest" finished-at="2022-11-30T13:08:42 IST" depends-on-methods="Handling_Alerts_ConfirmBox_TestCases.Alerts_TestCases.isAlertWithTextPresentTest" duration-ms="1061" status="PASS">
          <reporter-output>
          </reporter-output>
        </test-method> <!-- clickAlertWithTextPresentTest -->
        <test-method signature="clickOnPrompBoxTest()[pri:10, instance:Handling_Alerts_ConfirmBox_TestCases.Alerts_TestCases@223d2c72]" started-at="2022-11-30T13:08:42 IST" name="clickOnPrompBoxTest" finished-at="2022-11-30T13:08:42 IST" duration-ms="50" status="PASS">
          <reporter-output>
          </reporter-output>
        </test-method> <!-- clickOnPrompBoxTest -->
        <test-method signature="isPrompBoxPresentTest()[pri:12, instance:Handling_Alerts_ConfirmBox_TestCases.Alerts_TestCases@223d2c72]" started-at="2022-11-30T13:08:42 IST" name="isPrompBoxPresentTest" finished-at="2022-11-30T13:08:43 IST" duration-ms="1013" status="PASS">
          <reporter-output>
          </reporter-output>
        </test-method> <!-- isPrompBoxPresentTest -->
        <test-method signature="enterInPrompBoxTest()[pri:0, instance:Handling_Alerts_ConfirmBox_TestCases.Alerts_TestCases@223d2c72]" started-at="2022-11-30T13:08:43 IST" name="enterInPrompBoxTest" finished-at="2022-11-30T13:08:43 IST" depends-on-methods="Handling_Alerts_ConfirmBox_TestCases.Alerts_TestCases.isPrompBoxPresentTest" duration-ms="35" status="PASS">
          <reporter-output>
          </reporter-output>
        </test-method> <!-- enterInPrompBoxTest -->
        <test-method is-config="true" signature="teardown()[pri:0, instance:Handling_Alerts_ConfirmBox_TestCases.Alerts_TestCases@223d2c72]" started-at="2022-11-30T13:08:43 IST" name="teardown" finished-at="2022-11-30T13:08:44 IST" duration-ms="1050" status="PASS">
          <reporter-output>
          </reporter-output>
        </test-method> <!-- teardown -->
      </class> <!-- Handling_Alerts_ConfirmBox_TestCases.Alerts_TestCases -->
    </test> <!-- Test -->
  </suite> <!-- Suite -->
</testng-results>
